2017-08-10 11:48:07 - {"body":"","subject":"Your Store","total_amount":"5005","out_trade_no":"1073459965","product_code":"FAST_INSTANT_TRADE_PAY"}
2017-08-10 11:48:07 - response: array (
  'biz_content' => '{&quot;body&quot;:&quot;&quot;,&quot;subject&quot;:&quot;Your Store&quot;,&quot;total_amount&quot;:&quot;5005&quot;,&quot;out_trade_no&quot;:&quot;1073459965&quot;,&quot;product_code&quot;:&quot;FAST_INSTANT_TRADE_PAY&quot;}',
  'app_id' => '545687',
  'version' => '1.0',
  'format' => 'json',
  'sign_type' => 'RSA2',
  'method' => 'alipay.trade.page.pay',
  'timestamp' => '2017-08-10 11:48:07',
  'alipay_sdk' => 'alipay-sdk-php-20161101',
  'notify_url' => 'http://127.0.0.1:8080/payment_callback/alipay',
  'return_url' => 'http://127.0.0.1:8080/index.php?route=checkout/success',
  'charset' => 'UTF-8',
  'gateway_url' => 'https://openapi.alipaydev.com/gateway.do',
)
2017-08-10 12:24:02 - {"body":"","subject":"Your Store","total_amount":"5005","out_trade_no":"1073459966","product_code":"FAST_INSTANT_TRADE_PAY"}
2017-08-10 12:24:02 - response: array (
  'biz_content' => '{&quot;body&quot;:&quot;&quot;,&quot;subject&quot;:&quot;Your Store&quot;,&quot;total_amount&quot;:&quot;5005&quot;,&quot;out_trade_no&quot;:&quot;1073459966&quot;,&quot;product_code&quot;:&quot;FAST_INSTANT_TRADE_PAY&quot;}',
  'app_id' => '545687',
  'version' => '1.0',
  'format' => 'json',
  'sign_type' => 'RSA2',
  'method' => 'alipay.trade.page.pay',
  'timestamp' => '2017-08-10 12:24:02',
  'alipay_sdk' => 'alipay-sdk-php-20161101',
  'notify_url' => 'http://127.0.0.1:8080/payment_callback/alipay',
  'return_url' => 'http://127.0.0.1:8080/index.php?route=checkout/success',
  'charset' => 'UTF-8',
  'gateway_url' => 'https://openapi.alipaydev.com/gateway.do',
)
2017-08-10 12:28:17 - {"body":"","subject":"Your Store","total_amount":"5005","out_trade_no":"1073459967","product_code":"FAST_INSTANT_TRADE_PAY"}
2017-08-10 12:28:17 - response: array (
  'biz_content' => '{&quot;body&quot;:&quot;&quot;,&quot;subject&quot;:&quot;Your Store&quot;,&quot;total_amount&quot;:&quot;5005&quot;,&quot;out_trade_no&quot;:&quot;1073459967&quot;,&quot;product_code&quot;:&quot;FAST_INSTANT_TRADE_PAY&quot;}',
  'app_id' => '545687',
  'version' => '1.0',
  'format' => 'json',
  'sign_type' => 'RSA2',
  'method' => 'alipay.trade.page.pay',
  'timestamp' => '2017-08-10 12:28:17',
  'alipay_sdk' => 'alipay-sdk-php-20161101',
  'notify_url' => 'http://127.0.0.1:8080/payment_callback/alipay',
  'return_url' => 'http://127.0.0.1:8080/index.php?route=checkout/success',
  'charset' => 'UTF-8',
  'gateway_url' => 'https://openapi.alipaydev.com/gateway.do',
)
2017-08-11 5:04:01 - {"body":"","subject":"Your Store","total_amount":"5005","out_trade_no":"1073459968","product_code":"FAST_INSTANT_TRADE_PAY"}
2017-08-11 5:04:01 - response: array (
  'biz_content' => '{&quot;body&quot;:&quot;&quot;,&quot;subject&quot;:&quot;Your Store&quot;,&quot;total_amount&quot;:&quot;5005&quot;,&quot;out_trade_no&quot;:&quot;1073459968&quot;,&quot;product_code&quot;:&quot;FAST_INSTANT_TRADE_PAY&quot;}',
  'app_id' => '545687',
  'version' => '1.0',
  'format' => 'json',
  'sign_type' => 'RSA2',
  'method' => 'alipay.trade.page.pay',
  'timestamp' => '2017-08-11 05:04:01',
  'alipay_sdk' => 'alipay-sdk-php-20161101',
  'notify_url' => 'http://127.0.0.1:8080/payment_callback/alipay',
  'return_url' => 'http://127.0.0.1:8080/index.php?route=checkout/success',
  'charset' => 'UTF-8',
  'gateway_url' => 'https://openapi.alipaydev.com/gateway.do',
)
2017-08-11 5:09:36 - {"body":"","subject":"Your Store","total_amount":"5005","out_trade_no":"1073459969","product_code":"FAST_INSTANT_TRADE_PAY"}
2017-08-11 5:09:36 - response: array (
  'biz_content' => '{&quot;body&quot;:&quot;&quot;,&quot;subject&quot;:&quot;Your Store&quot;,&quot;total_amount&quot;:&quot;5005&quot;,&quot;out_trade_no&quot;:&quot;1073459969&quot;,&quot;product_code&quot;:&quot;FAST_INSTANT_TRADE_PAY&quot;}',
  'app_id' => '545687',
  'version' => '1.0',
  'format' => 'json',
  'sign_type' => 'RSA2',
  'method' => 'alipay.trade.page.pay',
  'timestamp' => '2017-08-11 05:09:36',
  'alipay_sdk' => 'alipay-sdk-php-20161101',
  'notify_url' => 'http://127.0.0.1:8080/payment_callback/alipay',
  'return_url' => 'http://127.0.0.1:8080/index.php?route=checkout/success',
  'charset' => 'UTF-8',
  'gateway_url' => 'https://openapi.alipaydev.com/gateway.do',
)
2017-08-11 5:29:04 - {"body":"","subject":"Your Store","total_amount":"5005","out_trade_no":"1073459970","product_code":"FAST_INSTANT_TRADE_PAY"}
2017-08-11 5:29:04 - response: array (
  'biz_content' => '{&quot;body&quot;:&quot;&quot;,&quot;subject&quot;:&quot;Your Store&quot;,&quot;total_amount&quot;:&quot;5005&quot;,&quot;out_trade_no&quot;:&quot;1073459970&quot;,&quot;product_code&quot;:&quot;FAST_INSTANT_TRADE_PAY&quot;}',
  'app_id' => '545687',
  'version' => '1.0',
  'format' => 'json',
  'sign_type' => 'RSA2',
  'method' => 'alipay.trade.page.pay',
  'timestamp' => '2017-08-11 05:29:04',
  'alipay_sdk' => 'alipay-sdk-php-20161101',
  'notify_url' => 'http://127.0.0.1:8080/payment_callback/alipay',
  'return_url' => 'http://127.0.0.1:8080/index.php?route=checkout/success',
  'charset' => 'UTF-8',
  'gateway_url' => 'https://openapi.alipaydev.com/gateway.do',
)
2017-08-11 6:09:39 - {"body":"","subject":"Your Store","total_amount":"5005","out_trade_no":"1073459971","product_code":"FAST_INSTANT_TRADE_PAY"}
2017-08-11 6:09:39 - response: array (
  'biz_content' => '{&quot;body&quot;:&quot;&quot;,&quot;subject&quot;:&quot;Your Store&quot;,&quot;total_amount&quot;:&quot;5005&quot;,&quot;out_trade_no&quot;:&quot;1073459971&quot;,&quot;product_code&quot;:&quot;FAST_INSTANT_TRADE_PAY&quot;}',
  'app_id' => '545687',
  'version' => '1.0',
  'format' => 'json',
  'sign_type' => 'RSA2',
  'method' => 'alipay.trade.page.pay',
  'timestamp' => '2017-08-11 06:09:39',
  'alipay_sdk' => 'alipay-sdk-php-20161101',
  'notify_url' => 'http://127.0.0.1:8080/payment_callback/alipay',
  'return_url' => 'http://127.0.0.1:8080/index.php?route=checkout/success',
  'charset' => 'UTF-8',
  'gateway_url' => 'https://openapi.alipaydev.com/gateway.do',
)
2017-08-11 6:18:57 - {"body":"","subject":"Your Store","total_amount":"5005","out_trade_no":"1073459972","product_code":"FAST_INSTANT_TRADE_PAY"}
2017-08-11 6:18:57 - response: array (
  'biz_content' => '{&quot;body&quot;:&quot;&quot;,&quot;subject&quot;:&quot;Your Store&quot;,&quot;total_amount&quot;:&quot;5005&quot;,&quot;out_trade_no&quot;:&quot;1073459972&quot;,&quot;product_code&quot;:&quot;FAST_INSTANT_TRADE_PAY&quot;}',
  'app_id' => '545687',
  'version' => '1.0',
  'format' => 'json',
  'sign_type' => 'RSA2',
  'method' => 'alipay.trade.page.pay',
  'timestamp' => '2017-08-11 06:18:57',
  'alipay_sdk' => 'alipay-sdk-php-20161101',
  'notify_url' => 'http://127.0.0.1:8080/payment_callback/alipay',
  'return_url' => 'http://127.0.0.1:8080/index.php?route=checkout/success',
  'charset' => 'UTF-8',
  'gateway_url' => 'https://openapi.alipaydev.com/gateway.do',
)
2017-08-11 6:23:04 - {"body":"","subject":"Your Store","total_amount":"5005","out_trade_no":"1073459973","product_code":"FAST_INSTANT_TRADE_PAY"}
2017-08-11 6:23:04 - response: array (
  'biz_content' => '{&quot;body&quot;:&quot;&quot;,&quot;subject&quot;:&quot;Your Store&quot;,&quot;total_amount&quot;:&quot;5005&quot;,&quot;out_trade_no&quot;:&quot;1073459973&quot;,&quot;product_code&quot;:&quot;FAST_INSTANT_TRADE_PAY&quot;}',
  'app_id' => '545687',
  'version' => '1.0',
  'format' => 'json',
  'sign_type' => 'RSA2',
  'method' => 'alipay.trade.page.pay',
  'timestamp' => '2017-08-11 06:23:04',
  'alipay_sdk' => 'alipay-sdk-php-20161101',
  'notify_url' => 'http://127.0.0.1:8080/payment_callback/alipay',
  'return_url' => 'http://127.0.0.1:8080/index.php?route=checkout/success',
  'charset' => 'UTF-8',
  'gateway_url' => 'https://openapi.alipaydev.com/gateway.do',
)
2017-08-11 6:23:52 - {"body":"","subject":"Your Store","total_amount":"5005","out_trade_no":"1073459974","product_code":"FAST_INSTANT_TRADE_PAY"}
2017-08-11 6:23:52 - response: array (
  'biz_content' => '{&quot;body&quot;:&quot;&quot;,&quot;subject&quot;:&quot;Your Store&quot;,&quot;total_amount&quot;:&quot;5005&quot;,&quot;out_trade_no&quot;:&quot;1073459974&quot;,&quot;product_code&quot;:&quot;FAST_INSTANT_TRADE_PAY&quot;}',
  'app_id' => '545687',
  'version' => '1.0',
  'format' => 'json',
  'sign_type' => 'RSA2',
  'method' => 'alipay.trade.page.pay',
  'timestamp' => '2017-08-11 06:23:52',
  'alipay_sdk' => 'alipay-sdk-php-20161101',
  'notify_url' => 'http://127.0.0.1:8080/payment_callback/alipay',
  'return_url' => 'http://127.0.0.1:8080/index.php?route=checkout/success',
  'charset' => 'UTF-8',
  'gateway_url' => 'https://openapi.alipaydev.com/gateway.do',
)
2017-08-11 6:25:31 - {"body":"","subject":"Your Store","total_amount":"5005","out_trade_no":"1073459975","product_code":"FAST_INSTANT_TRADE_PAY"}
2017-08-11 6:25:31 - response: array (
  'biz_content' => '{&quot;body&quot;:&quot;&quot;,&quot;subject&quot;:&quot;Your Store&quot;,&quot;total_amount&quot;:&quot;5005&quot;,&quot;out_trade_no&quot;:&quot;1073459975&quot;,&quot;product_code&quot;:&quot;FAST_INSTANT_TRADE_PAY&quot;}',
  'app_id' => '545687',
  'version' => '1.0',
  'format' => 'json',
  'sign_type' => 'RSA2',
  'method' => 'alipay.trade.page.pay',
  'timestamp' => '2017-08-11 06:25:31',
  'alipay_sdk' => 'alipay-sdk-php-20161101',
  'notify_url' => 'http://127.0.0.1:8080/payment_callback/alipay',
  'return_url' => 'http://127.0.0.1:8080/index.php?route=checkout/success',
  'charset' => 'UTF-8',
  'gateway_url' => 'https://openapi.alipaydev.com/gateway.do',
)
2017-08-11 6:27:50 - {"body":"","subject":"Your Store","total_amount":"5005","out_trade_no":"1073459976","product_code":"FAST_INSTANT_TRADE_PAY"}
2017-08-11 6:27:50 - response: array (
  'biz_content' => '{&quot;body&quot;:&quot;&quot;,&quot;subject&quot;:&quot;Your Store&quot;,&quot;total_amount&quot;:&quot;5005&quot;,&quot;out_trade_no&quot;:&quot;1073459976&quot;,&quot;product_code&quot;:&quot;FAST_INSTANT_TRADE_PAY&quot;}',
  'app_id' => '545687',
  'version' => '1.0',
  'format' => 'json',
  'sign_type' => 'RSA2',
  'method' => 'alipay.trade.page.pay',
  'timestamp' => '2017-08-11 06:27:50',
  'alipay_sdk' => 'alipay-sdk-php-20161101',
  'notify_url' => 'http://127.0.0.1:8080/payment_callback/alipay',
  'return_url' => 'http://127.0.0.1:8080/index.php?route=checkout/success',
  'charset' => 'UTF-8',
  'gateway_url' => 'https://openapi.alipaydev.com/gateway.do',
)
2017-08-11 6:35:51 - {"body":"","subject":"Your Store","total_amount":"5005","out_trade_no":"1073459977","product_code":"FAST_INSTANT_TRADE_PAY"}
2017-08-11 6:35:51 - response: array (
  'biz_content' => '{&quot;body&quot;:&quot;&quot;,&quot;subject&quot;:&quot;Your Store&quot;,&quot;total_amount&quot;:&quot;5005&quot;,&quot;out_trade_no&quot;:&quot;1073459977&quot;,&quot;product_code&quot;:&quot;FAST_INSTANT_TRADE_PAY&quot;}',
  'app_id' => '545687',
  'version' => '1.0',
  'format' => 'json',
  'sign_type' => 'RSA2',
  'method' => 'alipay.trade.page.pay',
  'timestamp' => '2017-08-11 06:35:51',
  'alipay_sdk' => 'alipay-sdk-php-20161101',
  'notify_url' => 'http://127.0.0.1:8080/payment_callback/alipay',
  'return_url' => 'http://127.0.0.1:8080/index.php?route=checkout/success',
  'charset' => 'UTF-8',
  'gateway_url' => 'https://openapi.alipaydev.com/gateway.do',
)
2017-08-11 6:39:21 - {"body":"","subject":"Your Store","total_amount":"5005","out_trade_no":"1073459978","product_code":"FAST_INSTANT_TRADE_PAY"}
2017-08-11 6:39:21 - response: array (
  'biz_content' => '{&quot;body&quot;:&quot;&quot;,&quot;subject&quot;:&quot;Your Store&quot;,&quot;total_amount&quot;:&quot;5005&quot;,&quot;out_trade_no&quot;:&quot;1073459978&quot;,&quot;product_code&quot;:&quot;FAST_INSTANT_TRADE_PAY&quot;}',
  'app_id' => '545687',
  'version' => '1.0',
  'format' => 'json',
  'sign_type' => 'RSA2',
  'method' => 'alipay.trade.page.pay',
  'timestamp' => '2017-08-11 06:39:21',
  'alipay_sdk' => 'alipay-sdk-php-20161101',
  'notify_url' => 'http://127.0.0.1:8080/payment_callback/alipay',
  'return_url' => 'http://127.0.0.1:8080/index.php?route=checkout/success',
  'charset' => 'UTF-8',
  'gateway_url' => 'https://openapi.alipaydev.com/gateway.do',
)
2017-08-11 6:40:29 - {"body":"","subject":"Your Store","total_amount":"5005","out_trade_no":"1073459979","product_code":"FAST_INSTANT_TRADE_PAY"}
2017-08-11 6:40:29 - response: array (
  'biz_content' => '{&quot;body&quot;:&quot;&quot;,&quot;subject&quot;:&quot;Your Store&quot;,&quot;total_amount&quot;:&quot;5005&quot;,&quot;out_trade_no&quot;:&quot;1073459979&quot;,&quot;product_code&quot;:&quot;FAST_INSTANT_TRADE_PAY&quot;}',
  'app_id' => '545687',
  'version' => '1.0',
  'format' => 'json',
  'sign_type' => 'RSA2',
  'method' => 'alipay.trade.page.pay',
  'timestamp' => '2017-08-11 06:40:29',
  'alipay_sdk' => 'alipay-sdk-php-20161101',
  'notify_url' => 'http://127.0.0.1:8080/payment_callback/alipay',
  'return_url' => 'http://127.0.0.1:8080/index.php?route=checkout/success',
  'charset' => 'UTF-8',
  'gateway_url' => 'https://openapi.alipaydev.com/gateway.do',
)
2017-08-11 6:41:21 - {"body":"","subject":"Your Store","total_amount":"5005","out_trade_no":"1073459980","product_code":"FAST_INSTANT_TRADE_PAY"}
2017-08-11 6:41:21 - response: array (
  'biz_content' => '{&quot;body&quot;:&quot;&quot;,&quot;subject&quot;:&quot;Your Store&quot;,&quot;total_amount&quot;:&quot;5005&quot;,&quot;out_trade_no&quot;:&quot;1073459980&quot;,&quot;product_code&quot;:&quot;FAST_INSTANT_TRADE_PAY&quot;}',
  'app_id' => '545687',
  'version' => '1.0',
  'format' => 'json',
  'sign_type' => 'RSA2',
  'method' => 'alipay.trade.page.pay',
  'timestamp' => '2017-08-11 06:41:21',
  'alipay_sdk' => 'alipay-sdk-php-20161101',
  'notify_url' => 'http://127.0.0.1:8080/payment_callback/alipay',
  'return_url' => 'http://127.0.0.1:8080/index.php?route=checkout/success',
  'charset' => 'UTF-8',
  'gateway_url' => 'https://openapi.alipaydev.com/gateway.do',
)
2017-08-11 6:42:51 - {"body":"","subject":"Your Store","total_amount":"5005","out_trade_no":"1073459981","product_code":"FAST_INSTANT_TRADE_PAY"}
2017-08-11 6:42:51 - response: array (
  'biz_content' => '{&quot;body&quot;:&quot;&quot;,&quot;subject&quot;:&quot;Your Store&quot;,&quot;total_amount&quot;:&quot;5005&quot;,&quot;out_trade_no&quot;:&quot;1073459981&quot;,&quot;product_code&quot;:&quot;FAST_INSTANT_TRADE_PAY&quot;}',
  'app_id' => '545687',
  'version' => '1.0',
  'format' => 'json',
  'sign_type' => 'RSA2',
  'method' => 'alipay.trade.page.pay',
  'timestamp' => '2017-08-11 06:42:51',
  'alipay_sdk' => 'alipay-sdk-php-20161101',
  'notify_url' => 'http://127.0.0.1:8080/payment_callback/alipay',
  'return_url' => 'http://127.0.0.1:8080/index.php?route=checkout/success',
  'charset' => 'UTF-8',
  'gateway_url' => 'https://openapi.alipaydev.com/gateway.do',
)
2017-08-11 6:45:01 - {"body":"","subject":"Your Store","total_amount":"5005","out_trade_no":"1073459982","product_code":"FAST_INSTANT_TRADE_PAY"}
2017-08-11 6:45:01 - response: array (
  'biz_content' => '{&quot;body&quot;:&quot;&quot;,&quot;subject&quot;:&quot;Your Store&quot;,&quot;total_amount&quot;:&quot;5005&quot;,&quot;out_trade_no&quot;:&quot;1073459982&quot;,&quot;product_code&quot;:&quot;FAST_INSTANT_TRADE_PAY&quot;}',
  'app_id' => '545687',
  'version' => '1.0',
  'format' => 'json',
  'sign_type' => 'RSA2',
  'method' => 'alipay.trade.page.pay',
  'timestamp' => '2017-08-11 06:45:01',
  'alipay_sdk' => 'alipay-sdk-php-20161101',
  'notify_url' => 'http://127.0.0.1:8080/payment_callback/alipay',
  'return_url' => 'http://127.0.0.1:8080/index.php?route=checkout/success',
  'charset' => 'UTF-8',
  'gateway_url' => 'https://openapi.alipaydev.com/gateway.do',
)
2017-08-11 6:45:30 - {"body":"","subject":"Your Store","total_amount":"5005","out_trade_no":"1073459983","product_code":"FAST_INSTANT_TRADE_PAY"}
2017-08-11 6:45:30 - response: array (
  'biz_content' => '{&quot;body&quot;:&quot;&quot;,&quot;subject&quot;:&quot;Your Store&quot;,&quot;total_amount&quot;:&quot;5005&quot;,&quot;out_trade_no&quot;:&quot;1073459983&quot;,&quot;product_code&quot;:&quot;FAST_INSTANT_TRADE_PAY&quot;}',
  'app_id' => '545687',
  'version' => '1.0',
  'format' => 'json',
  'sign_type' => 'RSA2',
  'method' => 'alipay.trade.page.pay',
  'timestamp' => '2017-08-11 06:45:30',
  'alipay_sdk' => 'alipay-sdk-php-20161101',
  'notify_url' => 'http://127.0.0.1:8080/payment_callback/alipay',
  'return_url' => 'http://127.0.0.1:8080/index.php?route=checkout/success',
  'charset' => 'UTF-8',
  'gateway_url' => 'https://openapi.alipaydev.com/gateway.do',
)
2017-08-11 6:46:38 - {"body":"","subject":"Your Store","total_amount":"5005","out_trade_no":"1073459984","product_code":"FAST_INSTANT_TRADE_PAY"}
2017-08-11 6:46:38 - response: array (
  'biz_content' => '{&quot;body&quot;:&quot;&quot;,&quot;subject&quot;:&quot;Your Store&quot;,&quot;total_amount&quot;:&quot;5005&quot;,&quot;out_trade_no&quot;:&quot;1073459984&quot;,&quot;product_code&quot;:&quot;FAST_INSTANT_TRADE_PAY&quot;}',
  'app_id' => '545687',
  'version' => '1.0',
  'format' => 'json',
  'sign_type' => 'RSA2',
  'method' => 'alipay.trade.page.pay',
  'timestamp' => '2017-08-11 06:46:38',
  'alipay_sdk' => 'alipay-sdk-php-20161101',
  'notify_url' => 'http://127.0.0.1:8080/payment_callback/alipay',
  'return_url' => 'http://127.0.0.1:8080/index.php?route=checkout/success',
  'charset' => 'UTF-8',
  'gateway_url' => 'https://openapi.alipaydev.com/gateway.do',
)
2017-08-11 6:47:44 - {"body":"","subject":"Your Store","total_amount":"5005","out_trade_no":"1073459985","product_code":"FAST_INSTANT_TRADE_PAY"}
2017-08-11 6:47:44 - response: array (
  'biz_content' => '{&quot;body&quot;:&quot;&quot;,&quot;subject&quot;:&quot;Your Store&quot;,&quot;total_amount&quot;:&quot;5005&quot;,&quot;out_trade_no&quot;:&quot;1073459985&quot;,&quot;product_code&quot;:&quot;FAST_INSTANT_TRADE_PAY&quot;}',
  'app_id' => '545687',
  'version' => '1.0',
  'format' => 'json',
  'sign_type' => 'RSA2',
  'method' => 'alipay.trade.page.pay',
  'timestamp' => '2017-08-11 06:47:44',
  'alipay_sdk' => 'alipay-sdk-php-20161101',
  'notify_url' => 'http://127.0.0.1:8080/payment_callback/alipay',
  'return_url' => 'http://127.0.0.1:8080/index.php?route=checkout/success',
  'charset' => 'UTF-8',
  'gateway_url' => 'https://openapi.alipaydev.com/gateway.do',
)
